xmelab(64): 22.03-s012: (c) Copyright 1995-2023 Cadence Design Systems, Inc.
TOOL:	xmelab(64)	22.03-s012: Started on Jul 01, 2026 at 00:38:09 KST
xmelab
    -MESS
    -access rwc
    tb_MUX

	Elaborating the design hierarchy:
		Caching library 'work_lib' ....... Done
	.o_out(o_out)
	           |
xmelab: *W,CUVMPW (./tb_MUX.v,38|12): port sizes differ in port connection(1/3) for the instance(tb_MUX) .
	Building instance overlay tables: .................... Done
	Generating native compiled code:
		work_lib.MUX:module <0x19d9c17b>
			streams:   5, words:  2691
		work_lib.tb_MUX:module <0x264eba76>
			streams:   7, words:  4291
	Building instance specific data structures.
	Loading native compiled code:     .................... Done
	Design hierarchy summary:
		             Instances  Unique
		Modules:             2       2
		Registers:           6       6
		Scalar wires:        4       -
		Expanded wires:      3       1
		Vectored wires:      1       -
		Always blocks:       1       1
		Initial blocks:      2       2
		Pseudo assignments:  5       5
	Writing initial simulation snapshot: work_lib.tb_MUX:module
TOOL:	xmelab(64)	22.03-s012: Exiting on Jul 01, 2026 at 00:38:09 KST  (total: 00:00:00)
