Copyright 1986-2022 Xilinx, Inc. All Rights Reserved.
------------------------------------------------------------------------------------
| Tool Version : Vivado v.2022.2 (lin64) Build 3671981 Fri Oct 14 04:59:54 MDT 2022
| Date         : Thu Mar  5 00:30:41 2026
| Host         : BOOK-3GSAOKNJKI running 64-bit Ubuntu 22.04.5 LTS
| Command      : report_control_sets -verbose -file zyNet_control_sets_placed.rpt
| Design       : zyNet
| Device       : xc7z020
------------------------------------------------------------------------------------

Control Set Information

Table of Contents
-----------------
1. Summary
2. Histogram
3. Flip-Flop Distribution
4. Detailed Control Set Information

1. Summary
----------

+----------------------------------------------------------+-------+
|                          Status                          | Count |
+----------------------------------------------------------+-------+
| Total control sets                                       |   149 |
|    Minimum number of control sets                        |   149 |
|    Addition due to synthesis replication                 |     0 |
|    Addition due to physical synthesis replication        |     0 |
| Unused register locations in slices containing registers |   271 |
+----------------------------------------------------------+-------+
* Control sets can be merged at opt_design using control_set_merge or merge_equivalent_drivers
** Run report_qor_suggestions for automated merging and remapping suggestions


2. Histogram
------------

+--------------------+-------+
|       Fanout       | Count |
+--------------------+-------+
| Total control sets |   149 |
| >= 0 to < 4        |     2 |
| >= 4 to < 6        |     0 |
| >= 6 to < 8        |    31 |
| >= 8 to < 10       |     4 |
| >= 10 to < 12      |    31 |
| >= 12 to < 14      |     0 |
| >= 14 to < 16      |    18 |
| >= 16              |    63 |
+--------------------+-------+
* Control sets can be remapped at either synth_design or opt_design


3. Flip-Flop Distribution
-------------------------

+--------------+-----------------------+------------------------+-----------------+--------------+
| Clock Enable | Synchronous Set/Reset | Asynchronous Set/Reset | Total Registers | Total Slices |
+--------------+-----------------------+------------------------+-----------------+--------------+
| No           | No                    | No                     |            1084 |          391 |
| No           | No                    | Yes                    |               0 |            0 |
| No           | Yes                   | No                     |             131 |           75 |
| Yes          | No                    | No                     |             806 |          169 |
| Yes          | No                    | Yes                    |               0 |            0 |
| Yes          | Yes                   | No                     |            1756 |          638 |
+--------------+-----------------------+------------------------+-----------------+--------------+


4. Detailed Control Set Information
-----------------------------------

+-----------------------+-----------------------------------+------------------------------------+------------------+----------------+--------------+
|      Clock Signal     |           Enable Signal           |          Set/Reset Signal          | Slice Load Count | Bel Load Count | Bels / Slice |
+-----------------------+-----------------------------------+------------------------------------+------------------+----------------+--------------+
|  s_axi_aclk_IBUF_BUFG | alw/axi_arready0                  | alw/axi_wready_i_1_n_30            |                1 |              3 |         3.00 |
|  s_axi_aclk_IBUF_BUFG | alw/axi_awready0                  | alw/axi_wready_i_1_n_30            |                1 |              3 |         3.00 |
|  s_axi_aclk_IBUF_BUFG | data_out_valid_1                  | alw/controlReg_reg[0]_rep__0_3[0]  |                2 |              6 |         3.00 |
|  s_axi_aclk_IBUF_BUFG | data_out_valid_2                  | alw/controlReg_reg[0]_6[0]         |                2 |              6 |         3.00 |
|  s_axi_aclk_IBUF_BUFG | data_out_valid_2                  | alw/controlReg_reg[0]_5[0]         |                1 |              6 |         6.00 |
|  s_axi_aclk_IBUF_BUFG | data_out_valid_2                  | alw/controlReg_reg[0]_4[0]         |                2 |              6 |         3.00 |
|  s_axi_aclk_IBUF_BUFG | data_out_valid_2                  | alw/controlReg_reg[0]_3[0]         |                1 |              6 |         6.00 |
|  s_axi_aclk_IBUF_BUFG | data_out_valid_2                  | alw/controlReg_reg[0]_2[0]         |                2 |              6 |         3.00 |
|  s_axi_aclk_IBUF_BUFG | data_out_valid_2                  | alw/controlReg_reg[0]_1[0]         |                2 |              6 |         3.00 |
|  s_axi_aclk_IBUF_BUFG | data_out_valid_2                  | alw/controlReg_reg[0]_0[0]         |                2 |              6 |         3.00 |
|  s_axi_aclk_IBUF_BUFG | data_out_valid_1                  | alw/controlReg_reg[0]_rep__0_9[0]  |                2 |              6 |         3.00 |
|  s_axi_aclk_IBUF_BUFG | data_out_valid_1                  | alw/controlReg_reg[0]_rep__0_8[0]  |                2 |              6 |         3.00 |
|  s_axi_aclk_IBUF_BUFG | data_out_valid_1                  | alw/controlReg_reg[0]_rep__0_7[0]  |                2 |              6 |         3.00 |
|  s_axi_aclk_IBUF_BUFG | data_out_valid_1                  | alw/controlReg_reg[0]_rep__0_6[0]  |                2 |              6 |         3.00 |
|  s_axi_aclk_IBUF_BUFG | data_out_valid_1                  | alw/controlReg_reg[0]_rep__0_5[0]  |                2 |              6 |         3.00 |
|  s_axi_aclk_IBUF_BUFG | data_out_valid_2                  | alw/controlReg_reg[0]_9[0]         |                1 |              6 |         6.00 |
|  s_axi_aclk_IBUF_BUFG | data_out_valid_1                  | alw/controlReg_reg[0]_rep__0_22[0] |                2 |              6 |         3.00 |
|  s_axi_aclk_IBUF_BUFG | data_out_valid_1                  | alw/controlReg_reg[0]_rep__0_21[0] |                1 |              6 |         6.00 |
|  s_axi_aclk_IBUF_BUFG | data_out_valid_1                  | alw/controlReg_reg[0]_rep__0_12    |                2 |              6 |         3.00 |
|  s_axi_aclk_IBUF_BUFG | data_out_valid_1                  | alw/controlReg_reg[0]_rep__0_14    |                2 |              6 |         3.00 |
|  s_axi_aclk_IBUF_BUFG | data_out_valid_1                  | alw/controlReg_reg[0]_rep__0_17    |                2 |              6 |         3.00 |
|  s_axi_aclk_IBUF_BUFG | data_out_valid_1                  | alw/controlReg_reg[0]_rep__0_19    |                2 |              6 |         3.00 |
|  s_axi_aclk_IBUF_BUFG | data_out_valid_1                  | alw/controlReg_reg[0]_rep__0_20    |                2 |              6 |         3.00 |
|  s_axi_aclk_IBUF_BUFG | data_out_valid_1                  | alw/controlReg_reg[0]_rep__0_4     |                2 |              6 |         3.00 |
|  s_axi_aclk_IBUF_BUFG | data_out_valid_1                  | alw/controlReg_reg[0]_rep__0_10[0] |                2 |              6 |         3.00 |
|  s_axi_aclk_IBUF_BUFG | data_out_valid_1                  | alw/controlReg_reg[0]_rep__0_11[0] |                2 |              6 |         3.00 |
|  s_axi_aclk_IBUF_BUFG | data_out_valid_1                  | alw/controlReg_reg[0]_rep__0_13[0] |                2 |              6 |         3.00 |
|  s_axi_aclk_IBUF_BUFG | data_out_valid_1                  | alw/controlReg_reg[0]_rep__0_15[0] |                2 |              6 |         3.00 |
|  s_axi_aclk_IBUF_BUFG | data_out_valid_1                  | alw/controlReg_reg[0]_rep__0_16[0] |                2 |              6 |         3.00 |
|  s_axi_aclk_IBUF_BUFG | data_out_valid_1                  | alw/controlReg_reg[0]_rep__0_18[0] |                1 |              6 |         6.00 |
|  s_axi_aclk_IBUF_BUFG | data_out_valid_2                  | alw/controlReg_reg[0]_8[0]         |                1 |              6 |         6.00 |
|  s_axi_aclk_IBUF_BUFG | data_out_valid_2                  | alw/controlReg_reg[0]_7[0]         |                2 |              6 |         3.00 |
|  s_axi_aclk_IBUF_BUFG |                                   | alw/axi_wready_i_1_n_30            |                3 |              7 |         2.33 |
|  s_axi_aclk_IBUF_BUFG | alw/axi_rd_en_reg_0               | alw/axi_rd_en_reg_1                |                2 |              8 |         4.00 |
|  s_axi_aclk_IBUF_BUFG | alw/E[0]                          |                                    |                2 |              8 |         4.00 |
|  s_axi_aclk_IBUF_BUFG | alw/state_1_reg_rep__0[0]         |                                    |                3 |              8 |         2.67 |
|  s_axi_aclk_IBUF_BUFG | mFind/maxValue[7]_i_1_n_30        |                                    |                2 |              8 |         4.00 |
|  s_axi_aclk_IBUF_BUFG |                                   | l3/n_0/muxValid_f_reg_0            |                8 |             10 |         1.25 |
|  s_axi_aclk_IBUF_BUFG | axis_in_data_valid_IBUF           | alw/controlReg_reg[0]_rep_25[0]    |                5 |             11 |         2.20 |
|  s_axi_aclk_IBUF_BUFG | axis_in_data_valid_IBUF           | alw/controlReg_reg[0]_rep__0_0[0]  |                4 |             11 |         2.75 |
|  s_axi_aclk_IBUF_BUFG | axis_in_data_valid_IBUF           | alw/controlReg_reg[0]_rep_6[0]     |                5 |             11 |         2.20 |
|  s_axi_aclk_IBUF_BUFG | axis_in_data_valid_IBUF           | alw/controlReg_reg[0]_rep_5[0]     |                6 |             11 |         1.83 |
|  s_axi_aclk_IBUF_BUFG | axis_in_data_valid_IBUF           | alw/controlReg_reg[0]_rep_11       |                5 |             11 |         2.20 |
|  s_axi_aclk_IBUF_BUFG | axis_in_data_valid_IBUF           | alw/controlReg_reg[0]_rep_17       |                4 |             11 |         2.75 |
|  s_axi_aclk_IBUF_BUFG | axis_in_data_valid_IBUF           | alw/controlReg_reg[0]_rep_19       |                6 |             11 |         1.83 |
|  s_axi_aclk_IBUF_BUFG | axis_in_data_valid_IBUF           | alw/controlReg_reg[0]_rep_23       |                4 |             11 |         2.75 |
|  s_axi_aclk_IBUF_BUFG | axis_in_data_valid_IBUF           | alw/controlReg_reg[0]_rep_26       |                5 |             11 |         2.20 |
|  s_axi_aclk_IBUF_BUFG | axis_in_data_valid_IBUF           | alw/controlReg_reg[0]_rep_27       |                5 |             11 |         2.20 |
|  s_axi_aclk_IBUF_BUFG | axis_in_data_valid_IBUF           | alw/controlReg_reg[0]_rep_3        |                4 |             11 |         2.75 |
|  s_axi_aclk_IBUF_BUFG | axis_in_data_valid_IBUF           | alw/controlReg_reg[0]_rep_7        |                2 |             11 |         5.50 |
|  s_axi_aclk_IBUF_BUFG | axis_in_data_valid_IBUF           | alw/controlReg_reg[0]_rep_8        |                4 |             11 |         2.75 |
|  s_axi_aclk_IBUF_BUFG | axis_in_data_valid_IBUF           | alw/controlReg_reg[0]_rep_9        |                5 |             11 |         2.20 |
|  s_axi_aclk_IBUF_BUFG | axis_in_data_valid_IBUF           | alw/controlReg_reg[0]_rep__0_2     |                4 |             11 |         2.75 |
|  s_axi_aclk_IBUF_BUFG | axis_in_data_valid_IBUF           | alw/controlReg_reg[0]_rep_1[0]     |                4 |             11 |         2.75 |
|  s_axi_aclk_IBUF_BUFG | axis_in_data_valid_IBUF           | alw/controlReg_reg[0]_rep_4[0]     |                4 |             11 |         2.75 |
|  s_axi_aclk_IBUF_BUFG | axis_in_data_valid_IBUF           | alw/controlReg_reg[0]_rep_24[0]    |                3 |             11 |         3.67 |
|  s_axi_aclk_IBUF_BUFG | axis_in_data_valid_IBUF           | alw/controlReg_reg[0]_rep_22[0]    |                4 |             11 |         2.75 |
|  s_axi_aclk_IBUF_BUFG | axis_in_data_valid_IBUF           | alw/controlReg_reg[0]_rep_21[0]    |                5 |             11 |         2.20 |
|  s_axi_aclk_IBUF_BUFG | axis_in_data_valid_IBUF           | alw/controlReg_reg[0]_rep_20[0]    |                5 |             11 |         2.20 |
|  s_axi_aclk_IBUF_BUFG | axis_in_data_valid_IBUF           | alw/controlReg_reg[0]_rep_2[0]     |                4 |             11 |         2.75 |
|  s_axi_aclk_IBUF_BUFG | axis_in_data_valid_IBUF           | alw/controlReg_reg[0]_rep_18[0]    |                5 |             11 |         2.20 |
|  s_axi_aclk_IBUF_BUFG | axis_in_data_valid_IBUF           | alw/controlReg_reg[0]_rep_16[0]    |                5 |             11 |         2.20 |
|  s_axi_aclk_IBUF_BUFG | axis_in_data_valid_IBUF           | alw/controlReg_reg[0]_rep_15[0]    |                4 |             11 |         2.75 |
|  s_axi_aclk_IBUF_BUFG | axis_in_data_valid_IBUF           | alw/controlReg_reg[0]_rep_14[0]    |                4 |             11 |         2.75 |
|  s_axi_aclk_IBUF_BUFG | axis_in_data_valid_IBUF           | alw/controlReg_reg[0]_rep_13[0]    |                6 |             11 |         1.83 |
|  s_axi_aclk_IBUF_BUFG | axis_in_data_valid_IBUF           | alw/controlReg_reg[0]_rep_12[0]    |                5 |             11 |         2.20 |
|  s_axi_aclk_IBUF_BUFG | axis_in_data_valid_IBUF           | alw/controlReg_reg[0]_rep_10[0]    |                4 |             11 |         2.75 |
|  s_axi_aclk_IBUF_BUFG | axis_in_data_valid_IBUF           | alw/SR[0]                          |                3 |             11 |         3.67 |
|  s_axi_aclk_IBUF_BUFG | l1/n_0/mult_valid_reg_8           | alw/controlReg_reg[0]_rep_9        |                4 |             15 |         3.75 |
|  s_axi_aclk_IBUF_BUFG | l1/n_0/p_0_in                     | alw/SR[0]                          |                5 |             15 |         3.00 |
|  s_axi_aclk_IBUF_BUFG | l1/n_0/mult_valid_reg_1           | alw/controlReg_reg[0]_rep_3        |                7 |             15 |         2.14 |
|  s_axi_aclk_IBUF_BUFG | l1/n_0/mult_valid_reg_10          | alw/controlReg_reg[0]_rep_11       |                5 |             15 |         3.00 |
|  s_axi_aclk_IBUF_BUFG | l1/n_0/mult_valid_reg_7           | alw/controlReg_reg[0]_rep_8        |                7 |             15 |         2.14 |
|  s_axi_aclk_IBUF_BUFG | l1/n_0/mult_valid_reg_17          | alw/controlReg_reg[0]_rep_17       |                6 |             15 |         2.50 |
|  s_axi_aclk_IBUF_BUFG | l1/n_0/mult_valid_reg_26          | alw/controlReg_reg[0]_rep_26       |                5 |             15 |         3.00 |
|  s_axi_aclk_IBUF_BUFG | l2/n_0/mult_valid_reg_0           | alw/controlReg_reg[0]_rep__0_4     |                6 |             15 |         2.50 |
|  s_axi_aclk_IBUF_BUFG | l1/n_0/mult_valid_reg_23          | alw/controlReg_reg[0]_rep_23       |                4 |             15 |         3.75 |
|  s_axi_aclk_IBUF_BUFG | l2/n_0/mult_valid_reg_10          | alw/controlReg_reg[0]_rep__0_14    |                4 |             15 |         3.75 |
|  s_axi_aclk_IBUF_BUFG | l2/n_0/mult_valid_reg_13          | alw/controlReg_reg[0]_rep__0_17    |                5 |             15 |         3.00 |
|  s_axi_aclk_IBUF_BUFG | l2/n_0/mult_valid_reg_15          | alw/controlReg_reg[0]_rep__0_19    |                7 |             15 |         2.14 |
|  s_axi_aclk_IBUF_BUFG | l2/n_0/mult_valid_reg_16          | alw/controlReg_reg[0]_rep__0_20    |                7 |             15 |         2.14 |
|  s_axi_aclk_IBUF_BUFG | l2/n_0/mult_valid_reg_8           | alw/controlReg_reg[0]_rep__0_12    |                5 |             15 |         3.00 |
|  s_axi_aclk_IBUF_BUFG | l1/n_0/mult_valid_reg_13          | alw/controlReg_reg[0]_rep__0_2     |                4 |             15 |         3.75 |
|  s_axi_aclk_IBUF_BUFG | l1/n_0/mult_valid_reg_27          | alw/controlReg_reg[0]_rep_27       |                5 |             15 |         3.00 |
|  s_axi_aclk_IBUF_BUFG | l1/n_0/mult_valid_reg_6           | alw/controlReg_reg[0]_rep_7        |                4 |             15 |         3.75 |
|  s_axi_aclk_IBUF_BUFG | l1/n_0/mult_valid_reg_19          | alw/controlReg_reg[0]_rep_19       |                4 |             15 |         3.75 |
|  s_axi_aclk_IBUF_BUFG | l2/n_0/p_0_in                     | alw/controlReg_reg[0]_rep__0_3[0]  |                6 |             16 |         2.67 |
|  s_axi_aclk_IBUF_BUFG | l2/n_0/mult_valid_reg_1[0]        | alw/controlReg_reg[0]_rep__0_5[0]  |                5 |             16 |         3.20 |
|  s_axi_aclk_IBUF_BUFG | l2/n_0/mult_valid_reg_11[0]       | alw/controlReg_reg[0]_rep__0_15[0] |                6 |             16 |         2.67 |
|  s_axi_aclk_IBUF_BUFG | l2/n_0/mult_valid_reg_17[0]       | alw/controlReg_reg[0]_rep__0_21[0] |                5 |             16 |         3.20 |
|  s_axi_aclk_IBUF_BUFG | l2/n_0/mult_valid_reg_12[0]       | alw/controlReg_reg[0]_rep__0_16[0] |                4 |             16 |         4.00 |
|  s_axi_aclk_IBUF_BUFG | l1/n_0/mult_valid_reg_3[0]        | alw/controlReg_reg[0]_rep_5[0]     |                5 |             16 |         3.20 |
|  s_axi_aclk_IBUF_BUFG | l1/n_0/mult_valid_reg_22[0]       | alw/controlReg_reg[0]_rep_22[0]    |                6 |             16 |         2.67 |
|  s_axi_aclk_IBUF_BUFG | l1/n_0/mult_valid_reg_15[0]       | alw/controlReg_reg[0]_rep_15[0]    |                7 |             16 |         2.29 |
|  s_axi_aclk_IBUF_BUFG | l1/n_0/mult_valid_reg_21[0]       | alw/controlReg_reg[0]_rep_21[0]    |                5 |             16 |         3.20 |
|  s_axi_aclk_IBUF_BUFG | l1/n_0/mult_valid_reg_2[0]        | alw/controlReg_reg[0]_rep_4[0]     |                6 |             16 |         2.67 |
|  s_axi_aclk_IBUF_BUFG | l1/n_0/mult_valid_reg_18[0]       | alw/controlReg_reg[0]_rep_18[0]    |                5 |             16 |         3.20 |
|  s_axi_aclk_IBUF_BUFG | l1/n_0/mult_valid_reg_16[0]       | alw/controlReg_reg[0]_rep_16[0]    |                5 |             16 |         3.20 |
|  s_axi_aclk_IBUF_BUFG | l1/n_0/mult_valid_reg_14[0]       | alw/controlReg_reg[0]_rep_14[0]    |                6 |             16 |         2.67 |
|  s_axi_aclk_IBUF_BUFG | l1/n_0/mult_valid_reg_12[0]       | alw/controlReg_reg[0]_rep_13[0]    |                5 |             16 |         3.20 |
|  s_axi_aclk_IBUF_BUFG | l1/n_0/mult_valid_reg_0[0]        | alw/controlReg_reg[0]_rep_2[0]     |                7 |             16 |         2.29 |
|  s_axi_aclk_IBUF_BUFG | l1/n_0/mult_valid_reg_11[0]       | alw/controlReg_reg[0]_rep_12[0]    |                6 |             16 |         2.67 |
|  s_axi_aclk_IBUF_BUFG | l1/n_0/mult_valid_reg_20[0]       | alw/controlReg_reg[0]_rep_20[0]    |                6 |             16 |         2.67 |
|  s_axi_aclk_IBUF_BUFG | l2/n_0/mult_valid_reg_18[0]       | alw/controlReg_reg[0]_rep__0_22[0] |                6 |             16 |         2.67 |
|  s_axi_aclk_IBUF_BUFG | l1/n_0/E[0]                       | alw/controlReg_reg[0]_rep_1[0]     |                5 |             16 |         3.20 |
|  s_axi_aclk_IBUF_BUFG | l3/n_0/mult_valid_reg_8[0]        | alw/controlReg_reg[0]_9[0]         |                5 |             16 |         3.20 |
|  s_axi_aclk_IBUF_BUFG | l3/n_0/mult_valid_reg_7[0]        | alw/controlReg_reg[0]_8[0]         |                6 |             16 |         2.67 |
|  s_axi_aclk_IBUF_BUFG | l1/n_0/mult_valid_reg_9[0]        | alw/controlReg_reg[0]_rep_10[0]    |                6 |             16 |         2.67 |
|  s_axi_aclk_IBUF_BUFG | l3/n_0/mult_valid_reg_6[0]        | alw/controlReg_reg[0]_7[0]         |                5 |             16 |         3.20 |
|  s_axi_aclk_IBUF_BUFG | l3/n_0/mult_valid_reg_5[0]        | alw/controlReg_reg[0]_6[0]         |                6 |             16 |         2.67 |
|  s_axi_aclk_IBUF_BUFG | l1/n_0/mult_valid_reg_5[0]        | alw/controlReg_reg[0]_rep__0_0[0]  |                6 |             16 |         2.67 |
|  s_axi_aclk_IBUF_BUFG | l1/n_0/mult_valid_reg_4[0]        | alw/controlReg_reg[0]_rep_6[0]     |                4 |             16 |         4.00 |
|  s_axi_aclk_IBUF_BUFG | l3/n_0/mult_valid_reg_4[0]        | alw/controlReg_reg[0]_5[0]         |                5 |             16 |         3.20 |
|  s_axi_aclk_IBUF_BUFG | l1/n_0/mult_valid_reg_25[0]       | alw/controlReg_reg[0]_rep_25[0]    |                5 |             16 |         3.20 |
|  s_axi_aclk_IBUF_BUFG | l1/n_0/mult_valid_reg_24[0]       | alw/controlReg_reg[0]_rep_24[0]    |                5 |             16 |         3.20 |
|  s_axi_aclk_IBUF_BUFG | l3/n_0/mult_valid_reg_3[0]        | alw/controlReg_reg[0]_4[0]         |                6 |             16 |         2.67 |
|  s_axi_aclk_IBUF_BUFG | l3/n_0/mult_valid_reg_2[0]        | alw/controlReg_reg[0]_3[0]         |                7 |             16 |         2.29 |
|  s_axi_aclk_IBUF_BUFG | l3/n_0/mult_valid_reg_1[0]        | alw/controlReg_reg[0]_2[0]         |                6 |             16 |         2.67 |
|  s_axi_aclk_IBUF_BUFG | l3/n_0/mult_valid_reg_0[0]        | alw/controlReg_reg[0]_1[0]         |                7 |             16 |         2.29 |
|  s_axi_aclk_IBUF_BUFG | l3/n_0/p_0_in                     | alw/controlReg_reg[0]_0[0]         |                5 |             16 |         3.20 |
|  s_axi_aclk_IBUF_BUFG | l2/n_0/mult_valid_reg_9[0]        | alw/controlReg_reg[0]_rep__0_13[0] |                6 |             16 |         2.67 |
|  s_axi_aclk_IBUF_BUFG | l2/n_0/mult_valid_reg_7[0]        | alw/controlReg_reg[0]_rep__0_11[0] |                7 |             16 |         2.29 |
|  s_axi_aclk_IBUF_BUFG | l2/n_0/mult_valid_reg_6[0]        | alw/controlReg_reg[0]_rep__0_10[0] |                6 |             16 |         2.67 |
|  s_axi_aclk_IBUF_BUFG | l2/n_0/mult_valid_reg_5[0]        | alw/controlReg_reg[0]_rep__0_9[0]  |                5 |             16 |         3.20 |
|  s_axi_aclk_IBUF_BUFG | l2/n_0/mult_valid_reg_4[0]        | alw/controlReg_reg[0]_rep__0_8[0]  |                6 |             16 |         2.67 |
|  s_axi_aclk_IBUF_BUFG | l2/n_0/mult_valid_reg_3[0]        | alw/controlReg_reg[0]_rep__0_7[0]  |                6 |             16 |         2.67 |
|  s_axi_aclk_IBUF_BUFG | l2/n_0/mult_valid_reg_2[0]        | alw/controlReg_reg[0]_rep__0_6[0]  |                6 |             16 |         2.67 |
|  s_axi_aclk_IBUF_BUFG | l2/n_0/mult_valid_reg_14[0]       | alw/controlReg_reg[0]_rep__0_18[0] |                5 |             16 |         3.20 |
|  s_axi_aclk_IBUF_BUFG |                                   | l2/n_0/muxValid_f_reg_0            |               19 |             20 |         1.05 |
|  s_axi_aclk_IBUF_BUFG |                                   | l1/n_0/muxValid_f_reg_0            |               29 |             30 |         1.03 |
|  s_axi_aclk_IBUF_BUFG |                                   | alw/count_1                        |                8 |             32 |         4.00 |
|  s_axi_aclk_IBUF_BUFG | mFind/o_data_valid_reg_0[0]       | alw/axi_wready_i_1_n_30            |               12 |             32 |         2.67 |
|  s_axi_aclk_IBUF_BUFG | mFind/maxValue                    | l3/n_0/outvalid_reg_0              |               12 |             32 |         2.67 |
|  s_axi_aclk_IBUF_BUFG | mFind/counter                     | l3/n_0/outvalid_reg_0              |               12 |             32 |         2.67 |
|  s_axi_aclk_IBUF_BUFG | alw/weightReg                     | alw/axi_wready_i_1_n_30            |               13 |             32 |         2.46 |
|  s_axi_aclk_IBUF_BUFG | alw/slv_reg_rden                  | alw/axi_wready_i_1_n_30            |               17 |             32 |         1.88 |
|  s_axi_aclk_IBUF_BUFG | alw/neuronReg                     | alw/axi_wready_i_1_n_30            |               14 |             32 |         2.29 |
|  s_axi_aclk_IBUF_BUFG |                                   | alw/count_2                        |                8 |             32 |         4.00 |
|  s_axi_aclk_IBUF_BUFG | alw/layerReg                      | alw/axi_wready_i_1_n_30            |               12 |             32 |         2.67 |
|  s_axi_aclk_IBUF_BUFG | alw/biasReg                       | alw/axi_wready_i_1_n_30            |               11 |             32 |         2.91 |
|  s_axi_aclk_IBUF_BUFG | alw/controlReg                    | alw/axi_wready_i_1_n_30            |               13 |             34 |         2.62 |
|  s_axi_aclk_IBUF_BUFG | axis_in_data_valid_IBUF           |                                    |               18 |             38 |         2.11 |
|  s_axi_aclk_IBUF_BUFG | alw/axi_rd_en_reg_0               |                                    |               16 |             72 |         4.50 |
|  s_axi_aclk_IBUF_BUFG | data_out_valid_2                  |                                    |               17 |             73 |         4.29 |
|  s_axi_aclk_IBUF_BUFG | l3/n_0/outvalid_reg_0             |                                    |               24 |             80 |         3.33 |
|  s_axi_aclk_IBUF_BUFG | data_out_valid_1                  |                                    |               30 |            135 |         4.50 |
|  s_axi_aclk_IBUF_BUFG | l2/n_0/siginst.s1/outvalid_reg[0] |                                    |               21 |            152 |         7.24 |
|  s_axi_aclk_IBUF_BUFG | l1/n_0/siginst.s1/outvalid_reg[0] |                                    |               36 |            232 |         6.44 |
|  s_axi_aclk_IBUF_BUFG |                                   |                                    |              391 |           1084 |         2.77 |
+-----------------------+-----------------------------------+------------------------------------+------------------+----------------+--------------+


