xmsim(64): 22.03-s012: (c) Copyright 1995-2023 Cadence Design Systems, Inc.
TOOL:	xmsim(64)	22.03-s012: Started on Jun 30, 2026 at 22:43:12 KST
xmsim
    -MESS
    tb_pipeline
    -gui

xmsim: *W,NOMTDGUI: Multi-Threaded Dumping is disabled for interactive debug mode.

-------------------------------------
Relinquished control to SimVision...
xcelium> 
xcelium> database -open waves -into waves.shm -default
Created default SHM database waves
xcelium> probe -create -shm tb_pipeline.clk tb_pipeline.rst_n tb_pipeline.i_in1 tb_pipeline.i_in2 tb_pipeline.DUT.r_temp1 tb_pipeline.i_in3 tb_pipeline.DUT.r_temp0 tb_pipeline.o_out
Created probe 1
xcelium> run
Simulation complete via $finish(1) at time 90 NS + 0
./tb_pipeline.v:37 #60 $finish;
xcelium> ^C
xcelium> exit
TOOL:	xmsim(64)	22.03-s012: Exiting on Jun 30, 2026 at 22:46:02 KST  (total: 00:02:50)
